-- Configuring done (0.0s)
-- Generating done (0.0s)
-- Build files have been written to: C:/programming/shumi-chess/build
MSBuild version 17.14.18+a338add32 for .NET Framework

  ShumiChess.vcxproj -> C:\programming\shumi-chess\build\lib\Release\ShumiChess.lib
  measure_speed_random_games.vcxproj -> C:\programming\shumi-chess\build\bin\Release\measure_speed_random_games.exe
  run_minimax_time.vcxproj -> C:\programming\shumi-chess\build\bin\Release\run_minimax_time.exe
[96mbuilding with release_mode='release', root_of_project_directory=WindowsPath('C:/programming/shumi-chess'), this_file_directory=WindowsPath('C:/programming/shumi-chess/driver')[0m
running build
running build_ext
building 'engine_communicator' extension
"C:\Program Files\Microsoft Visual Studio\2022\Community\VC\Tools\MSVC\14.44.35207\bin\HostX86\x64\cl.exe" /c /nologo /O2 /W3 /GL /DNDEBUG /MD -IC:\programming\shumi-chess\src -IC:\Users\pduer\AppData\Local\Programs\Python\Python313\include -IC:\Users\pduer\AppData\Local\Programs\Python\Python313\Include "-IC:\Program Files\Microsoft Visual Studio\2022\Community\VC\Tools\MSVC\14.44.35207\include" "-IC:\Program Files\Microsoft Visual Studio\2022\Community\VC\Tools\MSVC\14.44.35207\ATLMFC\include" "-IC:\Program Files\Microsoft Visual Studio\2022\Community\VC\Auxiliary\VS\include" "-IC:\Program Files (x86)\Windows Kits\10\include\10.0.26100.0\ucrt" "-IC:\Program Files (x86)\Windows Kits\10\\include\10.0.26100.0\\um" "-IC:\Program Files (x86)\Windows Kits\10\\include\10.0.26100.0\\shared" "-IC:\Program Files (x86)\Windows Kits\10\\include\10.0.26100.0\\winrt" "-IC:\Program Files (x86)\Windows Kits\10\\include\10.0.26100.0\\cppwinrt" /EHsc /TpC:\programming\shumi-chess\driver\engine_communicatormodule.cpp /Fodriver/build\Release\programming\shumi-chess\driver\engine_communicatormodule.obj /std:c++17
engine_communicatormodule.cpp
"C:\Program Files\Microsoft Visual Studio\2022\Community\VC\Tools\MSVC\14.44.35207\bin\HostX86\x64\link.exe" /nologo /INCREMENTAL:NO /LTCG /DLL /MANIFEST:EMBED,ID=2 /MANIFESTUAC:NO /LIBPATH:C:\programming\shumi-chess\lib /LIBPATH:C:\Users\pduer\AppData\Local\Programs\Python\Python313\libs /LIBPATH:C:\Users\pduer\AppData\Local\Programs\Python\Python313 /LIBPATH:C:\Users\pduer\AppData\Local\Programs\Python\Python313\PCbuild\amd64 "/LIBPATH:C:\Program Files\Microsoft Visual Studio\2022\Community\VC\Tools\MSVC\14.44.35207\ATLMFC\lib\x64" "/LIBPATH:C:\Program Files\Microsoft Visual Studio\2022\Community\VC\Tools\MSVC\14.44.35207\lib\x64" "/LIBPATH:C:\Program Files (x86)\Windows Kits\10\lib\10.0.26100.0\ucrt\x64" "/LIBPATH:C:\Program Files (x86)\Windows Kits\10\\lib\10.0.26100.0\\um\x64" /EXPORT:PyInit_engine_communicator driver/build\Release\programming\shumi-chess\driver\engine_communicatormodule.obj /OUT:driver\engine_communicator.cp313-win_amd64.pyd /IMPLIB:driver/build\Release\programming\shumi-chess\driver\engine_communicator.cp313-win_amd64.lib C:\programming\shumi-chess\build\lib\Release\ShumiChess.lib
   Creating library driver/build\Release\programming\shumi-chess\driver\engine_communicator.cp313-win_amd64.lib and object driver/build\Release\programming\shumi-chess\driver\engine_communicator.cp313-win_amd64.exp
Generating code
Finished generating code
Created new engine
d3
Deepening to 1 half moves
Deepening to 2 half moves
Deepening to 3 half moves
Went to depth 3
[1;96me5[0m   [1;96m0.000000= score, Minimax AI chose move: for BLACK to move[0m
[1;93mVisited: 110,894 nodes total[0m
e5
e4
Deepening to 1 half moves
Deepening to 2 half moves
Deepening to 3 half moves
Windows fatal exception: stack overflow

Current thread 0x0005dfb8 (most recent call first):
  File "C:\programming\shumi-chess\driver\show_board.py", line 66 in get_ai_move
  File "C:\programming\shumi-chess\driver\show_board.py", line 530 in <module>
[96mshow_board_path=WindowsPath('C:/programming/shumi-chess/driver/show_board.py'), build_c_module_for_python_path=WindowsPath('C:/programming/shumi-chess/driver/build_c_module_for_python.py')[0m
Building for: release
[96m==== BUILDING SHUMICHESS STEP 1 (CONFIGURE) =====[0m
going to run "cmake "-S" "C:\programming\shumi-chess" "-B" "C:\programming\shumi-chess\build" "-Wno-dev" "-DCMAKE_BUILD_TYPE=Release" "-DBUILD_TESTS=OFF""
Finished execution, return code was 0
[92mSUCCESS executing "cmake "-S" "C:\programming\shumi-chess" "-B" "C:\programming\shumi-chess\build" "-Wno-dev" "-DCMAKE_BUILD_TYPE=Release" "-DBUILD_TESTS=OFF""[0m
[96m==== BUILDING SHUMICHESS STEP 2 (BUILD) =====[0m
going to run "cmake "--build" "C:\programming\shumi-chess\build" "--config" "Release""
Finished execution, return code was 0
[92mSUCCESS executing "cmake "--build" "C:\programming\shumi-chess\build" "--config" "Release""[0m
[96m==== BULIDING PYTHON GUI MODULE =====[0m
going to run "python "C:\programming\shumi-chess\driver\build_c_module_for_python.py" "build" "--force" "--build-lib=driver" "--build-temp=driver/build" "--release" "--compiler=msvc""
Finished execution, return code was 0
[92mSUCCESS executing "python "C:\programming\shumi-chess\driver\build_c_module_for_python.py" "build" "--force" "--build-lib=driver" "--build-temp=driver/build" "--release" "--compiler=msvc""[0m
[91mFAILURE executing "python "C:\programming\shumi-chess\driver\show_board.py""[0m
